# JRE version: Java(TM) SE Runtime Environment (8.0_191-b12) (build 1.8.0_191-b12)
# Java VM: Java HotSpot(TM) 64-Bit Server VM (25.191-b12 mixed mode linux-amd64 compressed oops)
Heap:
 garbage-first heap   total 419840K, used 347312K [0x00000000c0000000, 0x00000000c0100cd0, 0x0000000100000000)
  region size 1024K, 204 young (208896K), 12 survivors (12288K)
 Metaspace       used 120571K, capacity 132448K, committed 132632K, reserved 1161216K
  class space    used 17258K, capacity 20499K, committed 20504K, reserved 1048576K
GC Heap History (10 events):
Event: 199,461 GC heap before
{Heap before GC invocations=45 (full 0):
 garbage-first heap   total 419840K, used 261296K [0x00000000c0000000, 0x00000000c0100cd0, 0x0000000100000000)
  region size 1024K, 119 young (121856K), 3 survivors (3072K)
 Metaspace       used 116563K, capacity 128364K, committed 128792K, reserved 1157120K
  class space    used 16899K, capacity 20131K, committed 20248K, reserved 1048576K
Event: 199,487 GC heap after
Heap after GC invocations=46 (full 0):
 garbage-first heap   total 419840K, used 143536K [0x00000000c0000000, 0x00000000c0100cd0, 0x0000000100000000)
  region size 1024K, 4 young (4096K), 4 survivors (4096K)
 Metaspace       used 116563K, capacity 128364K, committed 128792K, reserved 1157120K
  class space    used 16899K, capacity 20131K, committed 20248K, reserved 1048576K
}
Event: 224,569 GC heap before
{Heap before GC invocations=46 (full 0):
 garbage-first heap   total 419840K, used 370864K [0x00000000c0000000, 0x00000000c0100cd0, 0x0000000100000000)
  region size 1024K, 226 young (231424K), 4 survivors (4096K)
 Metaspace       used 117642K, capacity 129220K, committed 129688K, reserved 1159168K
  class space    used 16999K, capacity 20199K, committed 20376K, reserved 1048576K
Event: 224,582 GC heap after
Heap after GC invocations=47 (full 0):
 garbage-first heap   total 419840K, used 146096K [0x00000000c0000000, 0x00000000c0100cd0, 0x0000000100000000)
  region size 1024K, 7 young (7168K), 7 survivors (7168K)
 Metaspace       used 117642K, capacity 129220K, committed 129688K, reserved 1159168K
  class space    used 16999K, capacity 20199K, committed 20376K, reserved 1048576K
}
Event: 256,089 GC heap before
{Heap before GC invocations=47 (full 0):
 garbage-first heap   total 419840K, used 369328K [0x00000000c0000000, 0x00000000c0100cd0, 0x0000000100000000)
  region size 1024K, 225 young (230400K), 7 survivors (7168K)
 Metaspace       used 117984K, capacity 129672K, committed 130200K, reserved 1159168K
  class space    used 17013K, capacity 20199K, committed 20376K, reserved 1048576K
Event: 256,107 GC heap after
Heap after GC invocations=48 (full 0):
 garbage-first heap   total 419840K, used 146096K [0x00000000c0000000, 0x00000000c0100cd0, 0x0000000100000000)
  region size 1024K, 7 young (7168K), 7 survivors (7168K)
 Metaspace       used 117984K, capacity 129672K, committed 130200K, reserved 1159168K
  class space    used 17013K, capacity 20199K, committed 20376K, reserved 1048576K
}
Event: 294,333 GC heap before
{Heap before GC invocations=48 (full 0):
 garbage-first heap   total 419840K, used 369328K [0x00000000c0000000, 0x00000000c0100cd0, 0x0000000100000000)
  region size 1024K, 225 young (230400K), 7 survivors (7168K)
 Metaspace       used 118521K, capacity 130230K, committed 130456K, reserved 1159168K
  class space    used 17064K, capacity 20335K, committed 20376K, reserved 1048576K
Event: 294,349 GC heap after
Heap after GC invocations=49 (full 0):
 garbage-first heap   total 419840K, used 149680K [0x00000000c0000000, 0x00000000c0100cd0, 0x0000000100000000)
  region size 1024K, 10 young (10240K), 10 survivors (10240K)
 Metaspace       used 118521K, capacity 130230K, committed 130456K, reserved 1159168K
  class space    used 17064K, capacity 20335K, committed 20376K, reserved 1048576K
}
Event: 334,923 GC heap before
{Heap before GC invocations=49 (full 0):
 garbage-first heap   total 419840K, used 366768K [0x00000000c0000000, 0x00000000c0100cd0, 0x0000000100000000)
  region size 1024K, 222 young (227328K), 10 survivors (10240K)
 Metaspace       used 119353K, capacity 131048K, committed 131352K, reserved 1161216K
  class space    used 17120K, capacity 20385K, committed 20504K, reserved 1048576K
Event: 334,955 GC heap after
Heap after GC invocations=50 (full 0):
 garbage-first heap   total 419840K, used 151728K [0x00000000c0000000, 0x00000000c0100cd0, 0x0000000100000000)
  region size 1024K, 12 young (12288K), 12 survivors (12288K)
 Metaspace       used 119353K, capacity 131048K, committed 131352K, reserved 1161216K
  class space    used 17120K, capacity 20385K, committed 20504K, reserved 1048576K
}

